The system is: Linux - 5.14.0-162.18.1.el9_1.x86_64 - x86_64
Compiling the C compiler identification source file "CMakeCCompilerId.c" succeeded.
Compiler: /opt/ohpc/pub/compiler/gcc/12.2.0/bin/cc 
Build flags: 
Id flags:  

The output was:
0


Compilation of the C compiler identification source "CMakeCCompilerId.c" produced "a.out"

The C compiler identification is GNU, found in "/work1/sadasivan/student29/gpu-final-project/libwb/build/CMakeFiles/3.25.2/CompilerIdC/a.out"

Compiling the CXX compiler identification source file "CMakeCXXCompilerId.cpp" succeeded.
Compiler: /opt/ohpc/pub/compiler/gcc/12.2.0/bin/c++ 
Build flags: 
Id flags:  

The output was:
0


Compilation of the CXX compiler identification source "CMakeCXXCompilerId.cpp" produced "a.out"

The CXX compiler identification is GNU, found in "/work1/sadasivan/student29/gpu-final-project/libwb/build/CMakeFiles/3.25.2/CompilerIdCXX/a.out"

Detecting C compiler ABI info compiled with the following output:
Change Dir: /work1/sadasivan/student29/gpu-final-project/libwb/build/CMakeFiles/CMakeScratch/TryCompile-0HRhIB

Run Build Command(s):/usr/bin/gmake -f Makefile cmTC_76874/fast && /usr/bin/gmake  -f CMakeFiles/cmTC_76874.dir/build.make CMakeFiles/cmTC_76874.dir/build
gmake[1]: Entering directory '/work1/sadasivan/student29/gpu-final-project/libwb/build/CMakeFiles/CMakeScratch/TryCompile-0HRhIB'
Building C object CMakeFiles/cmTC_76874.dir/CMakeCCompilerABI.c.o
/opt/ohpc/pub/compiler/gcc/12.2.0/bin/cc   -v -o CMakeFiles/cmTC_76874.dir/CMakeCCompilerABI.c.o -c /opt/ohpc/pub/utils/cmake/3.25.2/share/cmake-3.25/Modules/CMakeCCompilerABI.c
Using built-in specs.
COLLECT_GCC=/opt/ohpc/pub/compiler/gcc/12.2.0/bin/cc
Target: x86_64-pc-linux-gnu
Configured with: ../configure --disable-multilib --enable-languages=c,c++,fortran --prefix=/opt/ohpc/pub/compiler/gcc/12.2.0 --disable-static --enable-shared
Thread model: posix
Supported LTO compression algorithms: zlib
gcc version 12.2.0 (GCC) 
COLLECT_GCC_OPTIONS='-v' '-o' 'CMakeFiles/cmTC_76874.dir/CMakeCCompilerABI.c.o' '-c' '-mtune=generic' '-march=x86-64' '-dumpdir' 'CMakeFiles/cmTC_76874.dir/'
 /opt/ohpc/pub/compiler/gcc/12.2.0/libexec/gcc/x86_64-pc-linux-gnu/12.2.0/cc1 -quiet -v /opt/ohpc/pub/utils/cmake/3.25.2/share/cmake-3.25/Modules/CMakeCCompilerABI.c -quiet -dumpdir CMakeFiles/cmTC_76874.dir/ -dumpbase CMakeCCompilerABI.c.c -dumpbase-ext .c -mtune=generic -march=x86-64 -version -o /tmp/ccfRnAB1.s
GNU C17 (GCC) version 12.2.0 (x86_64-pc-linux-gnu)
	compiled by GNU C version 12.2.0, GMP version 6.2.1, MPFR version 4.2.0, MPC version 1.3.1, isl version none
GGC heuristics: --param ggc-min-expand=100 --param ggc-min-heapsize=131072
ignoring nonexistent directory "/opt/ohpc/pub/compiler/gcc/12.2.0/lib/gcc/x86_64-pc-linux-gnu/12.2.0/../../../../x86_64-pc-linux-gnu/include"
#include "..." search starts here:
#include <...> search starts here:
 /opt/ohpc/pub/compiler/gcc/12.2.0/lib/gcc/x86_64-pc-linux-gnu/12.2.0/include
 /usr/local/include
 /opt/ohpc/pub/compiler/gcc/12.2.0/include
 /opt/ohpc/pub/compiler/gcc/12.2.0/lib/gcc/x86_64-pc-linux-gnu/12.2.0/include-fixed
 /usr/include
End of search list.
GNU C17 (GCC) version 12.2.0 (x86_64-pc-linux-gnu)
	compiled by GNU C version 12.2.0, GMP version 6.2.1, MPFR version 4.2.0, MPC version 1.3.1, isl version none
GGC heuristics: --param ggc-min-expand=100 --param ggc-min-heapsize=131072
Compiler executable checksum: fafaae08809643b633058b88e356ab6e
COLLECT_GCC_OPTIONS='-v' '-o' 'CMakeFiles/cmTC_76874.dir/CMakeCCompilerABI.c.o' '-c' '-mtune=generic' '-march=x86-64' '-dumpdir' 'CMakeFiles/cmTC_76874.dir/'
 as -v --64 -o CMakeFiles/cmTC_76874.dir/CMakeCCompilerABI.c.o /tmp/ccfRnAB1.s
GNU assembler version 2.35.2 (x86_64-redhat-linux) using BFD version version 2.35.2-24.el9
COMPILER_PATH=/opt/ohpc/pub/compiler/gcc/12.2.0/libexec/gcc/x86_64-pc-linux-gnu/12.2.0/:/opt/ohpc/pub/compiler/gcc/12.2.0/libexec/gcc/x86_64-pc-linux-gnu/12.2.0/:/opt/ohpc/pub/compiler/gcc/12.2.0/libexec/gcc/x86_64-pc-linux-gnu/:/opt/ohpc/pub/compiler/gcc/12.2.0/lib/gcc/x86_64-pc-linux-gnu/12.2.0/:/opt/ohpc/pub/compiler/gcc/12.2.0/lib/gcc/x86_64-pc-linux-gnu/
LIBRARY_PATH=/opt/ohpc/pub/compiler/gcc/12.2.0/lib/gcc/x86_64-pc-linux-gnu/12.2.0/:/opt/ohpc/pub/compiler/gcc/12.2.0/lib/gcc/x86_64-pc-linux-gnu/12.2.0/../../../../lib64/:/lib/../lib64/:/usr/lib/../lib64/:/opt/ohpc/pub/compiler/gcc/12.2.0/lib/gcc/x86_64-pc-linux-gnu/12.2.0/../../../:/lib/:/usr/lib/
COLLECT_GCC_OPTIONS='-v' '-o' 'CMakeFiles/cmTC_76874.dir/CMakeCCompilerABI.c.o' '-c' '-mtune=generic' '-march=x86-64' '-dumpdir' 'CMakeFiles/cmTC_76874.dir/CMakeCCompilerABI.c.'
Linking C executable cmTC_76874
/opt/ohpc/pub/utils/cmake/3.25.2/bin/cmake -E cmake_link_script CMakeFiles/cmTC_76874.dir/link.txt --verbose=1
/opt/ohpc/pub/compiler/gcc/12.2.0/bin/cc  -v -rdynamic CMakeFiles/cmTC_76874.dir/CMakeCCompilerABI.c.o -o cmTC_76874 
Using built-in specs.
COLLECT_GCC=/opt/ohpc/pub/compiler/gcc/12.2.0/bin/cc
COLLECT_LTO_WRAPPER=/opt/ohpc/pub/compiler/gcc/12.2.0/libexec/gcc/x86_64-pc-linux-gnu/12.2.0/lto-wrapper
Target: x86_64-pc-linux-gnu
Configured with: ../configure --disable-multilib --enable-languages=c,c++,fortran --prefix=/opt/ohpc/pub/compiler/gcc/12.2.0 --disable-static --enable-shared
Thread model: posix
Supported LTO compression algorithms: zlib
gcc version 12.2.0 (GCC) 
COMPILER_PATH=/opt/ohpc/pub/compiler/gcc/12.2.0/libexec/gcc/x86_64-pc-linux-gnu/12.2.0/:/opt/ohpc/pub/compiler/gcc/12.2.0/libexec/gcc/x86_64-pc-linux-gnu/12.2.0/:/opt/ohpc/pub/compiler/gcc/12.2.0/libexec/gcc/x86_64-pc-linux-gnu/:/opt/ohpc/pub/compiler/gcc/12.2.0/lib/gcc/x86_64-pc-linux-gnu/12.2.0/:/opt/ohpc/pub/compiler/gcc/12.2.0/lib/gcc/x86_64-pc-linux-gnu/
LIBRARY_PATH=/opt/ohpc/pub/compiler/gcc/12.2.0/lib/gcc/x86_64-pc-linux-gnu/12.2.0/:/opt/ohpc/pub/compiler/gcc/12.2.0/lib/gcc/x86_64-pc-linux-gnu/12.2.0/../../../../lib64/:/lib/../lib64/:/usr/lib/../lib64/:/opt/ohpc/pub/compiler/gcc/12.2.0/lib/gcc/x86_64-pc-linux-gnu/12.2.0/../../../:/lib/:/usr/lib/
COLLECT_GCC_OPTIONS='-v' '-rdynamic' '-o' 'cmTC_76874' '-mtune=generic' '-march=x86-64' '-dumpdir' 'cmTC_76874.'
 /opt/ohpc/pub/compiler/gcc/12.2.0/libexec/gcc/x86_64-pc-linux-gnu/12.2.0/collect2 -plugin /opt/ohpc/pub/compiler/gcc/12.2.0/libexec/gcc/x86_64-pc-linux-gnu/12.2.0/liblto_plugin.so -plugin-opt=/opt/ohpc/pub/compiler/gcc/12.2.0/libexec/gcc/x86_64-pc-linux-gnu/12.2.0/lto-wrapper -plugin-opt=-fresolution=/tmp/ccL4w9E6.res -plugin-opt=-pass-through=-lgcc -plugin-opt=-pass-through=-lgcc_s -plugin-opt=-pass-through=-lc -plugin-opt=-pass-through=-lgcc -plugin-opt=-pass-through=-lgcc_s --eh-frame-hdr -m elf_x86_64 -export-dynamic -dynamic-linker /lib64/ld-linux-x86-64.so.2 -o cmTC_76874 /lib/../lib64/crt1.o /lib/../lib64/crti.o /opt/ohpc/pub/compiler/gcc/12.2.0/lib/gcc/x86_64-pc-linux-gnu/12.2.0/crtbegin.o -L/opt/ohpc/pub/compiler/gcc/12.2.0/lib/gcc/x86_64-pc-linux-gnu/12.2.0 -L/opt/ohpc/pub/compiler/gcc/12.2.0/lib/gcc/x86_64-pc-linux-gnu/12.2.0/../../../../lib64 -L/lib/../lib64 -L/usr/lib/../lib64 -L/opt/ohpc/pub/compiler/gcc/12.2.0/lib/gcc/x86_64-pc-linux-gnu/12.2.0/../../.. CMakeFiles/cmTC_76874.dir/CMakeCCompilerABI.c.o -lgcc --push-state --as-needed -lgcc_s --pop-state -lc -lgcc --push-state --as-needed -lgcc_s --pop-state /opt/ohpc/pub/compiler/gcc/12.2.0/lib/gcc/x86_64-pc-linux-gnu/12.2.0/crtend.o /lib/../lib64/crtn.o
COLLECT_GCC_OPTIONS='-v' '-rdynamic' '-o' 'cmTC_76874' '-mtune=generic' '-march=x86-64' '-dumpdir' 'cmTC_76874.'
gmake[1]: Leaving directory '/work1/sadasivan/student29/gpu-final-project/libwb/build/CMakeFiles/CMakeScratch/TryCompile-0HRhIB'



Parsed C implicit include dir info from above output: rv=done
  found start of include info
  found start of implicit include info
    add: [/opt/ohpc/pub/compiler/gcc/12.2.0/lib/gcc/x86_64-pc-linux-gnu/12.2.0/include]
    add: [/usr/local/include]
    add: [/opt/ohpc/pub/compiler/gcc/12.2.0/include]
    add: [/opt/ohpc/pub/compiler/gcc/12.2.0/lib/gcc/x86_64-pc-linux-gnu/12.2.0/include-fixed]
    add: [/usr/include]
  end of search list found
  collapse include dir [/opt/ohpc/pub/compiler/gcc/12.2.0/lib/gcc/x86_64-pc-linux-gnu/12.2.0/include] ==> [/opt/ohpc/pub/compiler/gcc/12.2.0/lib/gcc/x86_64-pc-linux-gnu/12.2.0/include]
  collapse include dir [/usr/local/include] ==> [/usr/local/include]
  collapse include dir [/opt/ohpc/pub/compiler/gcc/12.2.0/include] ==> [/opt/ohpc/pub/compiler/gcc/12.2.0/include]
  collapse include dir [/opt/ohpc/pub/compiler/gcc/12.2.0/lib/gcc/x86_64-pc-linux-gnu/12.2.0/include-fixed] ==> [/opt/ohpc/pub/compiler/gcc/12.2.0/lib/gcc/x86_64-pc-linux-gnu/12.2.0/include-fixed]
  collapse include dir [/usr/include] ==> [/usr/include]
  implicit include dirs: [/opt/ohpc/pub/compiler/gcc/12.2.0/lib/gcc/x86_64-pc-linux-gnu/12.2.0/include;/usr/local/include;/opt/ohpc/pub/compiler/gcc/12.2.0/include;/opt/ohpc/pub/compiler/gcc/12.2.0/lib/gcc/x86_64-pc-linux-gnu/12.2.0/include-fixed;/usr/include]


Parsed C implicit link information from above output:
  link line regex: [^( *|.*[/\])(ld|CMAKE_LINK_STARTFILE-NOTFOUND|([^/\]+-)?ld|collect2)[^/\]*( |$)]
  ignore line: [Change Dir: /work1/sadasivan/student29/gpu-final-project/libwb/build/CMakeFiles/CMakeScratch/TryCompile-0HRhIB]
  ignore line: []
  ignore line: [Run Build Command(s):/usr/bin/gmake -f Makefile cmTC_76874/fast && /usr/bin/gmake  -f CMakeFiles/cmTC_76874.dir/build.make CMakeFiles/cmTC_76874.dir/build]
  ignore line: [gmake[1]: Entering directory '/work1/sadasivan/student29/gpu-final-project/libwb/build/CMakeFiles/CMakeScratch/TryCompile-0HRhIB']
  ignore line: [Building C object CMakeFiles/cmTC_76874.dir/CMakeCCompilerABI.c.o]
  ignore line: [/opt/ohpc/pub/compiler/gcc/12.2.0/bin/cc   -v -o CMakeFiles/cmTC_76874.dir/CMakeCCompilerABI.c.o -c /opt/ohpc/pub/utils/cmake/3.25.2/share/cmake-3.25/Modules/CMakeCCompilerABI.c]
  ignore line: [Using built-in specs.]
  ignore line: [COLLECT_GCC=/opt/ohpc/pub/compiler/gcc/12.2.0/bin/cc]
  ignore line: [Target: x86_64-pc-linux-gnu]
  ignore line: [Configured with: ../configure --disable-multilib --enable-languages=c c++ fortran --prefix=/opt/ohpc/pub/compiler/gcc/12.2.0 --disable-static --enable-shared]
  ignore line: [Thread model: posix]
  ignore line: [Supported LTO compression algorithms: zlib]
  ignore line: [gcc version 12.2.0 (GCC) ]
  ignore line: [COLLECT_GCC_OPTIONS='-v' '-o' 'CMakeFiles/cmTC_76874.dir/CMakeCCompilerABI.c.o' '-c' '-mtune=generic' '-march=x86-64' '-dumpdir' 'CMakeFiles/cmTC_76874.dir/']
  ignore line: [ /opt/ohpc/pub/compiler/gcc/12.2.0/libexec/gcc/x86_64-pc-linux-gnu/12.2.0/cc1 -quiet -v /opt/ohpc/pub/utils/cmake/3.25.2/share/cmake-3.25/Modules/CMakeCCompilerABI.c -quiet -dumpdir CMakeFiles/cmTC_76874.dir/ -dumpbase CMakeCCompilerABI.c.c -dumpbase-ext .c -mtune=generic -march=x86-64 -version -o /tmp/ccfRnAB1.s]
  ignore line: [GNU C17 (GCC) version 12.2.0 (x86_64-pc-linux-gnu)]
  ignore line: [	compiled by GNU C version 12.2.0  GMP version 6.2.1  MPFR version 4.2.0  MPC version 1.3.1  isl version none]
  ignore line: [GGC heuristics: --param ggc-min-expand=100 --param ggc-min-heapsize=131072]
  ignore line: [ignoring nonexistent directory "/opt/ohpc/pub/compiler/gcc/12.2.0/lib/gcc/x86_64-pc-linux-gnu/12.2.0/../../../../x86_64-pc-linux-gnu/include"]
  ignore line: [#include "..." search starts here:]
  ignore line: [#include <...> search starts here:]
  ignore line: [ /opt/ohpc/pub/compiler/gcc/12.2.0/lib/gcc/x86_64-pc-linux-gnu/12.2.0/include]
  ignore line: [ /usr/local/include]
  ignore line: [ /opt/ohpc/pub/compiler/gcc/12.2.0/include]
  ignore line: [ /opt/ohpc/pub/compiler/gcc/12.2.0/lib/gcc/x86_64-pc-linux-gnu/12.2.0/include-fixed]
  ignore line: [ /usr/include]
  ignore line: [End of search list.]
  ignore line: [GNU C17 (GCC) version 12.2.0 (x86_64-pc-linux-gnu)]
  ignore line: [	compiled by GNU C version 12.2.0  GMP version 6.2.1  MPFR version 4.2.0  MPC version 1.3.1  isl version none]
  ignore line: [GGC heuristics: --param ggc-min-expand=100 --param ggc-min-heapsize=131072]
  ignore line: [Compiler executable checksum: fafaae08809643b633058b88e356ab6e]
  ignore line: [COLLECT_GCC_OPTIONS='-v' '-o' 'CMakeFiles/cmTC_76874.dir/CMakeCCompilerABI.c.o' '-c' '-mtune=generic' '-march=x86-64' '-dumpdir' 'CMakeFiles/cmTC_76874.dir/']
  ignore line: [ as -v --64 -o CMakeFiles/cmTC_76874.dir/CMakeCCompilerABI.c.o /tmp/ccfRnAB1.s]
  ignore line: [GNU assembler version 2.35.2 (x86_64-redhat-linux) using BFD version version 2.35.2-24.el9]
  ignore line: [COMPILER_PATH=/opt/ohpc/pub/compiler/gcc/12.2.0/libexec/gcc/x86_64-pc-linux-gnu/12.2.0/:/opt/ohpc/pub/compiler/gcc/12.2.0/libexec/gcc/x86_64-pc-linux-gnu/12.2.0/:/opt/ohpc/pub/compiler/gcc/12.2.0/libexec/gcc/x86_64-pc-linux-gnu/:/opt/ohpc/pub/compiler/gcc/12.2.0/lib/gcc/x86_64-pc-linux-gnu/12.2.0/:/opt/ohpc/pub/compiler/gcc/12.2.0/lib/gcc/x86_64-pc-linux-gnu/]
  ignore line: [LIBRARY_PATH=/opt/ohpc/pub/compiler/gcc/12.2.0/lib/gcc/x86_64-pc-linux-gnu/12.2.0/:/opt/ohpc/pub/compiler/gcc/12.2.0/lib/gcc/x86_64-pc-linux-gnu/12.2.0/../../../../lib64/:/lib/../lib64/:/usr/lib/../lib64/:/opt/ohpc/pub/compiler/gcc/12.2.0/lib/gcc/x86_64-pc-linux-gnu/12.2.0/../../../:/lib/:/usr/lib/]
  ignore line: [COLLECT_GCC_OPTIONS='-v' '-o' 'CMakeFiles/cmTC_76874.dir/CMakeCCompilerABI.c.o' '-c' '-mtune=generic' '-march=x86-64' '-dumpdir' 'CMakeFiles/cmTC_76874.dir/CMakeCCompilerABI.c.']
  ignore line: [Linking C executable cmTC_76874]
  ignore line: [/opt/ohpc/pub/utils/cmake/3.25.2/bin/cmake -E cmake_link_script CMakeFiles/cmTC_76874.dir/link.txt --verbose=1]
  ignore line: [/opt/ohpc/pub/compiler/gcc/12.2.0/bin/cc  -v -rdynamic CMakeFiles/cmTC_76874.dir/CMakeCCompilerABI.c.o -o cmTC_76874 ]
  ignore line: [Using built-in specs.]
  ignore line: [COLLECT_GCC=/opt/ohpc/pub/compiler/gcc/12.2.0/bin/cc]
  ignore line: [COLLECT_LTO_WRAPPER=/opt/ohpc/pub/compiler/gcc/12.2.0/libexec/gcc/x86_64-pc-linux-gnu/12.2.0/lto-wrapper]
  ignore line: [Target: x86_64-pc-linux-gnu]
  ignore line: [Configured with: ../configure --disable-multilib --enable-languages=c c++ fortran --prefix=/opt/ohpc/pub/compiler/gcc/12.2.0 --disable-static --enable-shared]
  ignore line: [Thread model: posix]
  ignore line: [Supported LTO compression algorithms: zlib]
  ignore line: [gcc version 12.2.0 (GCC) ]
  ignore line: [COMPILER_PATH=/opt/ohpc/pub/compiler/gcc/12.2.0/libexec/gcc/x86_64-pc-linux-gnu/12.2.0/:/opt/ohpc/pub/compiler/gcc/12.2.0/libexec/gcc/x86_64-pc-linux-gnu/12.2.0/:/opt/ohpc/pub/compiler/gcc/12.2.0/libexec/gcc/x86_64-pc-linux-gnu/:/opt/ohpc/pub/compiler/gcc/12.2.0/lib/gcc/x86_64-pc-linux-gnu/12.2.0/:/opt/ohpc/pub/compiler/gcc/12.2.0/lib/gcc/x86_64-pc-linux-gnu/]
  ignore line: [LIBRARY_PATH=/opt/ohpc/pub/compiler/gcc/12.2.0/lib/gcc/x86_64-pc-linux-gnu/12.2.0/:/opt/ohpc/pub/compiler/gcc/12.2.0/lib/gcc/x86_64-pc-linux-gnu/12.2.0/../../../../lib64/:/lib/../lib64/:/usr/lib/../lib64/:/opt/ohpc/pub/compiler/gcc/12.2.0/lib/gcc/x86_64-pc-linux-gnu/12.2.0/../../../:/lib/:/usr/lib/]
  ignore line: [COLLECT_GCC_OPTIONS='-v' '-rdynamic' '-o' 'cmTC_76874' '-mtune=generic' '-march=x86-64' '-dumpdir' 'cmTC_76874.']
  link line: [ /opt/ohpc/pub/compiler/gcc/12.2.0/libexec/gcc/x86_64-pc-linux-gnu/12.2.0/collect2 -plugin /opt/ohpc/pub/compiler/gcc/12.2.0/libexec/gcc/x86_64-pc-linux-gnu/12.2.0/liblto_plugin.so -plugin-opt=/opt/ohpc/pub/compiler/gcc/12.2.0/libexec/gcc/x86_64-pc-linux-gnu/12.2.0/lto-wrapper -plugin-opt=-fresolution=/tmp/ccL4w9E6.res -plugin-opt=-pass-through=-lgcc -plugin-opt=-pass-through=-lgcc_s -plugin-opt=-pass-through=-lc -plugin-opt=-pass-through=-lgcc -plugin-opt=-pass-through=-lgcc_s --eh-frame-hdr -m elf_x86_64 -export-dynamic -dynamic-linker /lib64/ld-linux-x86-64.so.2 -o cmTC_76874 /lib/../lib64/crt1.o /lib/../lib64/crti.o /opt/ohpc/pub/compiler/gcc/12.2.0/lib/gcc/x86_64-pc-linux-gnu/12.2.0/crtbegin.o -L/opt/ohpc/pub/compiler/gcc/12.2.0/lib/gcc/x86_64-pc-linux-gnu/12.2.0 -L/opt/ohpc/pub/compiler/gcc/12.2.0/lib/gcc/x86_64-pc-linux-gnu/12.2.0/../../../../lib64 -L/lib/../lib64 -L/usr/lib/../lib64 -L/opt/ohpc/pub/compiler/gcc/12.2.0/lib/gcc/x86_64-pc-linux-gnu/12.2.0/../../.. CMakeFiles/cmTC_76874.dir/CMakeCCompilerABI.c.o -lgcc --push-state --as-needed -lgcc_s --pop-state -lc -lgcc --push-state --as-needed -lgcc_s --pop-state /opt/ohpc/pub/compiler/gcc/12.2.0/lib/gcc/x86_64-pc-linux-gnu/12.2.0/crtend.o /lib/../lib64/crtn.o]
    arg [/opt/ohpc/pub/compiler/gcc/12.2.0/libexec/gcc/x86_64-pc-linux-gnu/12.2.0/collect2] ==> ignore
    arg [-plugin] ==> ignore
    arg [/opt/ohpc/pub/compiler/gcc/12.2.0/libexec/gcc/x86_64-pc-linux-gnu/12.2.0/liblto_plugin.so] ==> ignore
    arg [-plugin-opt=/opt/ohpc/pub/compiler/gcc/12.2.0/libexec/gcc/x86_64-pc-linux-gnu/12.2.0/lto-wrapper] ==> ignore
    arg [-plugin-opt=-fresolution=/tmp/ccL4w9E6.res] ==> ignore
    arg [-plugin-opt=-pass-through=-lgcc] ==> ignore
    arg [-plugin-opt=-pass-through=-lgcc_s] ==> ignore
    arg [-plugin-opt=-pass-through=-lc] ==> ignore
    arg [-plugin-opt=-pass-through=-lgcc] ==> ignore
    arg [-plugin-opt=-pass-through=-lgcc_s] ==> ignore
    arg [--eh-frame-hdr] ==> ignore
    arg [-m] ==> ignore
    arg [elf_x86_64] ==> ignore
    arg [-export-dynamic] ==> ignore
    arg [-dynamic-linker] ==> ignore
    arg [/lib64/ld-linux-x86-64.so.2] ==> ignore
    arg [-o] ==> ignore
    arg [cmTC_76874] ==> ignore
    arg [/lib/../lib64/crt1.o] ==> obj [/lib/../lib64/crt1.o]
    arg [/lib/../lib64/crti.o] ==> obj [/lib/../lib64/crti.o]
    arg [/opt/ohpc/pub/compiler/gcc/12.2.0/lib/gcc/x86_64-pc-linux-gnu/12.2.0/crtbegin.o] ==> obj [/opt/ohpc/pub/compiler/gcc/12.2.0/lib/gcc/x86_64-pc-linux-gnu/12.2.0/crtbegin.o]
    arg [-L/opt/ohpc/pub/compiler/gcc/12.2.0/lib/gcc/x86_64-pc-linux-gnu/12.2.0] ==> dir [/opt/ohpc/pub/compiler/gcc/12.2.0/lib/gcc/x86_64-pc-linux-gnu/12.2.0]
    arg [-L/opt/ohpc/pub/compiler/gcc/12.2.0/lib/gcc/x86_64-pc-linux-gnu/12.2.0/../../../../lib64] ==> dir [/opt/ohpc/pub/compiler/gcc/12.2.0/lib/gcc/x86_64-pc-linux-gnu/12.2.0/../../../../lib64]
    arg [-L/lib/../lib64] ==> dir [/lib/../lib64]
    arg [-L/usr/lib/../lib64] ==> dir [/usr/lib/../lib64]
    arg [-L/opt/ohpc/pub/compiler/gcc/12.2.0/lib/gcc/x86_64-pc-linux-gnu/12.2.0/../../..] ==> dir [/opt/ohpc/pub/compiler/gcc/12.2.0/lib/gcc/x86_64-pc-linux-gnu/12.2.0/../../..]
    arg [CMakeFiles/cmTC_76874.dir/CMakeCCompilerABI.c.o] ==> ignore
    arg [-lgcc] ==> lib [gcc]
    arg [--push-state] ==> ignore
    arg [--as-needed] ==> ignore
    arg [-lgcc_s] ==> lib [gcc_s]
    arg [--pop-state] ==> ignore
    arg [-lc] ==> lib [c]
    arg [-lgcc] ==> lib [gcc]
    arg [--push-state] ==> ignore
    arg [--as-needed] ==> ignore
    arg [-lgcc_s] ==> lib [gcc_s]
    arg [--pop-state] ==> ignore
    arg [/opt/ohpc/pub/compiler/gcc/12.2.0/lib/gcc/x86_64-pc-linux-gnu/12.2.0/crtend.o] ==> obj [/opt/ohpc/pub/compiler/gcc/12.2.0/lib/gcc/x86_64-pc-linux-gnu/12.2.0/crtend.o]
    arg [/lib/../lib64/crtn.o] ==> obj [/lib/../lib64/crtn.o]
  collapse obj [/lib/../lib64/crt1.o] ==> [/lib64/crt1.o]
  collapse obj [/lib/../lib64/crti.o] ==> [/lib64/crti.o]
  collapse obj [/lib/../lib64/crtn.o] ==> [/lib64/crtn.o]
  collapse library dir [/opt/ohpc/pub/compiler/gcc/12.2.0/lib/gcc/x86_64-pc-linux-gnu/12.2.0] ==> [/opt/ohpc/pub/compiler/gcc/12.2.0/lib/gcc/x86_64-pc-linux-gnu/12.2.0]
  collapse library dir [/opt/ohpc/pub/compiler/gcc/12.2.0/lib/gcc/x86_64-pc-linux-gnu/12.2.0/../../../../lib64] ==> [/opt/ohpc/pub/compiler/gcc/12.2.0/lib64]
  collapse library dir [/lib/../lib64] ==> [/lib64]
  collapse library dir [/usr/lib/../lib64] ==> [/usr/lib64]
  collapse library dir [/opt/ohpc/pub/compiler/gcc/12.2.0/lib/gcc/x86_64-pc-linux-gnu/12.2.0/../../..] ==> [/opt/ohpc/pub/compiler/gcc/12.2.0/lib]
  implicit libs: [gcc;gcc_s;c;gcc;gcc_s]
  implicit objs: [/lib64/crt1.o;/lib64/crti.o;/opt/ohpc/pub/compiler/gcc/12.2.0/lib/gcc/x86_64-pc-linux-gnu/12.2.0/crtbegin.o;/opt/ohpc/pub/compiler/gcc/12.2.0/lib/gcc/x86_64-pc-linux-gnu/12.2.0/crtend.o;/lib64/crtn.o]
  implicit dirs: [/opt/ohpc/pub/compiler/gcc/12.2.0/lib/gcc/x86_64-pc-linux-gnu/12.2.0;/opt/ohpc/pub/compiler/gcc/12.2.0/lib64;/lib64;/usr/lib64;/opt/ohpc/pub/compiler/gcc/12.2.0/lib]
  implicit fwks: []


Detecting CXX compiler ABI info compiled with the following output:
Change Dir: /work1/sadasivan/student29/gpu-final-project/libwb/build/CMakeFiles/CMakeScratch/TryCompile-lWeVGF

Run Build Command(s):/usr/bin/gmake -f Makefile cmTC_b350a/fast && /usr/bin/gmake  -f CMakeFiles/cmTC_b350a.dir/build.make CMakeFiles/cmTC_b350a.dir/build
gmake[1]: Entering directory '/work1/sadasivan/student29/gpu-final-project/libwb/build/CMakeFiles/CMakeScratch/TryCompile-lWeVGF'
Building CXX object CMakeFiles/cmTC_b350a.dir/CMakeCXXCompilerABI.cpp.o
/opt/ohpc/pub/compiler/gcc/12.2.0/bin/c++   -v -o CMakeFiles/cmTC_b350a.dir/CMakeCXXCompilerABI.cpp.o -c /opt/ohpc/pub/utils/cmake/3.25.2/share/cmake-3.25/Modules/CMakeCXXCompilerABI.cpp
Using built-in specs.
COLLECT_GCC=/opt/ohpc/pub/compiler/gcc/12.2.0/bin/c++
Target: x86_64-pc-linux-gnu
Configured with: ../configure --disable-multilib --enable-languages=c,c++,fortran --prefix=/opt/ohpc/pub/compiler/gcc/12.2.0 --disable-static --enable-shared
Thread model: posix
Supported LTO compression algorithms: zlib
gcc version 12.2.0 (GCC) 
COLLECT_GCC_OPTIONS='-v' '-o' 'CMakeFiles/cmTC_b350a.dir/CMakeCXXCompilerABI.cpp.o' '-c' '-shared-libgcc' '-mtune=generic' '-march=x86-64' '-dumpdir' 'CMakeFiles/cmTC_b350a.dir/'
 /opt/ohpc/pub/compiler/gcc/12.2.0/libexec/gcc/x86_64-pc-linux-gnu/12.2.0/cc1plus -quiet -v -D_GNU_SOURCE /opt/ohpc/pub/utils/cmake/3.25.2/share/cmake-3.25/Modules/CMakeCXXCompilerABI.cpp -quiet -dumpdir CMakeFiles/cmTC_b350a.dir/ -dumpbase CMakeCXXCompilerABI.cpp.cpp -dumpbase-ext .cpp -mtune=generic -march=x86-64 -version -o /tmp/ccdXdxyL.s
GNU C++17 (GCC) version 12.2.0 (x86_64-pc-linux-gnu)
	compiled by GNU C version 12.2.0, GMP version 6.2.1, MPFR version 4.2.0, MPC version 1.3.1, isl version none
GGC heuristics: --param ggc-min-expand=100 --param ggc-min-heapsize=131072
ignoring nonexistent directory "/opt/ohpc/pub/compiler/gcc/12.2.0/lib/gcc/x86_64-pc-linux-gnu/12.2.0/../../../../x86_64-pc-linux-gnu/include"
#include "..." search starts here:
#include <...> search starts here:
 /opt/ohpc/pub/compiler/gcc/12.2.0/lib/gcc/x86_64-pc-linux-gnu/12.2.0/../../../../include/c++/12.2.0
 /opt/ohpc/pub/compiler/gcc/12.2.0/lib/gcc/x86_64-pc-linux-gnu/12.2.0/../../../../include/c++/12.2.0/x86_64-pc-linux-gnu
 /opt/ohpc/pub/compiler/gcc/12.2.0/lib/gcc/x86_64-pc-linux-gnu/12.2.0/../../../../include/c++/12.2.0/backward
 /opt/ohpc/pub/compiler/gcc/12.2.0/lib/gcc/x86_64-pc-linux-gnu/12.2.0/include
 /usr/local/include
 /opt/ohpc/pub/compiler/gcc/12.2.0/include
 /opt/ohpc/pub/compiler/gcc/12.2.0/lib/gcc/x86_64-pc-linux-gnu/12.2.0/include-fixed
 /usr/include
End of search list.
GNU C++17 (GCC) version 12.2.0 (x86_64-pc-linux-gnu)
	compiled by GNU C version 12.2.0, GMP version 6.2.1, MPFR version 4.2.0, MPC version 1.3.1, isl version none
GGC heuristics: --param ggc-min-expand=100 --param ggc-min-heapsize=131072
Compiler executable checksum: e3cb6483ef7c0434b74356ec743bc23c
COLLECT_GCC_OPTIONS='-v' '-o' 'CMakeFiles/cmTC_b350a.dir/CMakeCXXCompilerABI.cpp.o' '-c' '-shared-libgcc' '-mtune=generic' '-march=x86-64' '-dumpdir' 'CMakeFiles/cmTC_b350a.dir/'
 as -v --64 -o CMakeFiles/cmTC_b350a.dir/CMakeCXXCompilerABI.cpp.o /tmp/ccdXdxyL.s
GNU assembler version 2.35.2 (x86_64-redhat-linux) using BFD version version 2.35.2-24.el9
COMPILER_PATH=/opt/ohpc/pub/compiler/gcc/12.2.0/libexec/gcc/x86_64-pc-linux-gnu/12.2.0/:/opt/ohpc/pub/compiler/gcc/12.2.0/libexec/gcc/x86_64-pc-linux-gnu/12.2.0/:/opt/ohpc/pub/compiler/gcc/12.2.0/libexec/gcc/x86_64-pc-linux-gnu/:/opt/ohpc/pub/compiler/gcc/12.2.0/lib/gcc/x86_64-pc-linux-gnu/12.2.0/:/opt/ohpc/pub/compiler/gcc/12.2.0/lib/gcc/x86_64-pc-linux-gnu/
LIBRARY_PATH=/opt/ohpc/pub/compiler/gcc/12.2.0/lib/gcc/x86_64-pc-linux-gnu/12.2.0/:/opt/ohpc/pub/compiler/gcc/12.2.0/lib/gcc/x86_64-pc-linux-gnu/12.2.0/../../../../lib64/:/lib/../lib64/:/usr/lib/../lib64/:/opt/ohpc/pub/compiler/gcc/12.2.0/lib/gcc/x86_64-pc-linux-gnu/12.2.0/../../../:/lib/:/usr/lib/
COLLECT_GCC_OPTIONS='-v' '-o' 'CMakeFiles/cmTC_b350a.dir/CMakeCXXCompilerABI.cpp.o' '-c' '-shared-libgcc' '-mtune=generic' '-march=x86-64' '-dumpdir' 'CMakeFiles/cmTC_b350a.dir/CMakeCXXCompilerABI.cpp.'
Linking CXX executable cmTC_b350a
/opt/ohpc/pub/utils/cmake/3.25.2/bin/cmake -E cmake_link_script CMakeFiles/cmTC_b350a.dir/link.txt --verbose=1
/opt/ohpc/pub/compiler/gcc/12.2.0/bin/c++  -v -rdynamic CMakeFiles/cmTC_b350a.dir/CMakeCXXCompilerABI.cpp.o -o cmTC_b350a 
Using built-in specs.
COLLECT_GCC=/opt/ohpc/pub/compiler/gcc/12.2.0/bin/c++
COLLECT_LTO_WRAPPER=/opt/ohpc/pub/compiler/gcc/12.2.0/libexec/gcc/x86_64-pc-linux-gnu/12.2.0/lto-wrapper
Target: x86_64-pc-linux-gnu
Configured with: ../configure --disable-multilib --enable-languages=c,c++,fortran --prefix=/opt/ohpc/pub/compiler/gcc/12.2.0 --disable-static --enable-shared
Thread model: posix
Supported LTO compression algorithms: zlib
gcc version 12.2.0 (GCC) 
COMPILER_PATH=/opt/ohpc/pub/compiler/gcc/12.2.0/libexec/gcc/x86_64-pc-linux-gnu/12.2.0/:/opt/ohpc/pub/compiler/gcc/12.2.0/libexec/gcc/x86_64-pc-linux-gnu/12.2.0/:/opt/ohpc/pub/compiler/gcc/12.2.0/libexec/gcc/x86_64-pc-linux-gnu/:/opt/ohpc/pub/compiler/gcc/12.2.0/lib/gcc/x86_64-pc-linux-gnu/12.2.0/:/opt/ohpc/pub/compiler/gcc/12.2.0/lib/gcc/x86_64-pc-linux-gnu/
LIBRARY_PATH=/opt/ohpc/pub/compiler/gcc/12.2.0/lib/gcc/x86_64-pc-linux-gnu/12.2.0/:/opt/ohpc/pub/compiler/gcc/12.2.0/lib/gcc/x86_64-pc-linux-gnu/12.2.0/../../../../lib64/:/lib/../lib64/:/usr/lib/../lib64/:/opt/ohpc/pub/compiler/gcc/12.2.0/lib/gcc/x86_64-pc-linux-gnu/12.2.0/../../../:/lib/:/usr/lib/
COLLECT_GCC_OPTIONS='-v' '-rdynamic' '-o' 'cmTC_b350a' '-shared-libgcc' '-mtune=generic' '-march=x86-64' '-dumpdir' 'cmTC_b350a.'
 /opt/ohpc/pub/compiler/gcc/12.2.0/libexec/gcc/x86_64-pc-linux-gnu/12.2.0/collect2 -plugin /opt/ohpc/pub/compiler/gcc/12.2.0/libexec/gcc/x86_64-pc-linux-gnu/12.2.0/liblto_plugin.so -plugin-opt=/opt/ohpc/pub/compiler/gcc/12.2.0/libexec/gcc/x86_64-pc-linux-gnu/12.2.0/lto-wrapper -plugin-opt=-fresolution=/tmp/ccLWdkdx.res -plugin-opt=-pass-through=-lgcc_s -plugin-opt=-pass-through=-lgcc -plugin-opt=-pass-through=-lc -plugin-opt=-pass-through=-lgcc_s -plugin-opt=-pass-through=-lgcc --eh-frame-hdr -m elf_x86_64 -export-dynamic -dynamic-linker /lib64/ld-linux-x86-64.so.2 -o cmTC_b350a /lib/../lib64/crt1.o /lib/../lib64/crti.o /opt/ohpc/pub/compiler/gcc/12.2.0/lib/gcc/x86_64-pc-linux-gnu/12.2.0/crtbegin.o -L/opt/ohpc/pub/compiler/gcc/12.2.0/lib/gcc/x86_64-pc-linux-gnu/12.2.0 -L/opt/ohpc/pub/compiler/gcc/12.2.0/lib/gcc/x86_64-pc-linux-gnu/12.2.0/../../../../lib64 -L/lib/../lib64 -L/usr/lib/../lib64 -L/opt/ohpc/pub/compiler/gcc/12.2.0/lib/gcc/x86_64-pc-linux-gnu/12.2.0/../../.. CMakeFiles/cmTC_b350a.dir/CMakeCXXCompilerABI.cpp.o -lstdc++ -lm -lgcc_s -lgcc -lc -lgcc_s -lgcc /opt/ohpc/pub/compiler/gcc/12.2.0/lib/gcc/x86_64-pc-linux-gnu/12.2.0/crtend.o /lib/../lib64/crtn.o
COLLECT_GCC_OPTIONS='-v' '-rdynamic' '-o' 'cmTC_b350a' '-shared-libgcc' '-mtune=generic' '-march=x86-64' '-dumpdir' 'cmTC_b350a.'
gmake[1]: Leaving directory '/work1/sadasivan/student29/gpu-final-project/libwb/build/CMakeFiles/CMakeScratch/TryCompile-lWeVGF'



Parsed CXX implicit include dir info from above output: rv=done
  found start of include info
  found start of implicit include info
    add: [/opt/ohpc/pub/compiler/gcc/12.2.0/lib/gcc/x86_64-pc-linux-gnu/12.2.0/../../../../include/c++/12.2.0]
    add: [/opt/ohpc/pub/compiler/gcc/12.2.0/lib/gcc/x86_64-pc-linux-gnu/12.2.0/../../../../include/c++/12.2.0/x86_64-pc-linux-gnu]
    add: [/opt/ohpc/pub/compiler/gcc/12.2.0/lib/gcc/x86_64-pc-linux-gnu/12.2.0/../../../../include/c++/12.2.0/backward]
    add: [/opt/ohpc/pub/compiler/gcc/12.2.0/lib/gcc/x86_64-pc-linux-gnu/12.2.0/include]
    add: [/usr/local/include]
    add: [/opt/ohpc/pub/compiler/gcc/12.2.0/include]
    add: [/opt/ohpc/pub/compiler/gcc/12.2.0/lib/gcc/x86_64-pc-linux-gnu/12.2.0/include-fixed]
    add: [/usr/include]
  end of search list found
  collapse include dir [/opt/ohpc/pub/compiler/gcc/12.2.0/lib/gcc/x86_64-pc-linux-gnu/12.2.0/../../../../include/c++/12.2.0] ==> [/opt/ohpc/pub/compiler/gcc/12.2.0/include/c++/12.2.0]
  collapse include dir [/opt/ohpc/pub/compiler/gcc/12.2.0/lib/gcc/x86_64-pc-linux-gnu/12.2.0/../../../../include/c++/12.2.0/x86_64-pc-linux-gnu] ==> [/opt/ohpc/pub/compiler/gcc/12.2.0/include/c++/12.2.0/x86_64-pc-linux-gnu]
  collapse include dir [/opt/ohpc/pub/compiler/gcc/12.2.0/lib/gcc/x86_64-pc-linux-gnu/12.2.0/../../../../include/c++/12.2.0/backward] ==> [/opt/ohpc/pub/compiler/gcc/12.2.0/include/c++/12.2.0/backward]
  collapse include dir [/opt/ohpc/pub/compiler/gcc/12.2.0/lib/gcc/x86_64-pc-linux-gnu/12.2.0/include] ==> [/opt/ohpc/pub/compiler/gcc/12.2.0/lib/gcc/x86_64-pc-linux-gnu/12.2.0/include]
  collapse include dir [/usr/local/include] ==> [/usr/local/include]
  collapse include dir [/opt/ohpc/pub/compiler/gcc/12.2.0/include] ==> [/opt/ohpc/pub/compiler/gcc/12.2.0/include]
  collapse include dir [/opt/ohpc/pub/compiler/gcc/12.2.0/lib/gcc/x86_64-pc-linux-gnu/12.2.0/include-fixed] ==> [/opt/ohpc/pub/compiler/gcc/12.2.0/lib/gcc/x86_64-pc-linux-gnu/12.2.0/include-fixed]
  collapse include dir [/usr/include] ==> [/usr/include]
  implicit include dirs: [/opt/ohpc/pub/compiler/gcc/12.2.0/include/c++/12.2.0;/opt/ohpc/pub/compiler/gcc/12.2.0/include/c++/12.2.0/x86_64-pc-linux-gnu;/opt/ohpc/pub/compiler/gcc/12.2.0/include/c++/12.2.0/backward;/opt/ohpc/pub/compiler/gcc/12.2.0/lib/gcc/x86_64-pc-linux-gnu/12.2.0/include;/usr/local/include;/opt/ohpc/pub/compiler/gcc/12.2.0/include;/opt/ohpc/pub/compiler/gcc/12.2.0/lib/gcc/x86_64-pc-linux-gnu/12.2.0/include-fixed;/usr/include]


Parsed CXX implicit link information from above output:
  link line regex: [^( *|.*[/\])(ld|CMAKE_LINK_STARTFILE-NOTFOUND|([^/\]+-)?ld|collect2)[^/\]*( |$)]
  ignore line: [Change Dir: /work1/sadasivan/student29/gpu-final-project/libwb/build/CMakeFiles/CMakeScratch/TryCompile-lWeVGF]
  ignore line: []
  ignore line: [Run Build Command(s):/usr/bin/gmake -f Makefile cmTC_b350a/fast && /usr/bin/gmake  -f CMakeFiles/cmTC_b350a.dir/build.make CMakeFiles/cmTC_b350a.dir/build]
  ignore line: [gmake[1]: Entering directory '/work1/sadasivan/student29/gpu-final-project/libwb/build/CMakeFiles/CMakeScratch/TryCompile-lWeVGF']
  ignore line: [Building CXX object CMakeFiles/cmTC_b350a.dir/CMakeCXXCompilerABI.cpp.o]
  ignore line: [/opt/ohpc/pub/compiler/gcc/12.2.0/bin/c++   -v -o CMakeFiles/cmTC_b350a.dir/CMakeCXXCompilerABI.cpp.o -c /opt/ohpc/pub/utils/cmake/3.25.2/share/cmake-3.25/Modules/CMakeCXXCompilerABI.cpp]
  ignore line: [Using built-in specs.]
  ignore line: [COLLECT_GCC=/opt/ohpc/pub/compiler/gcc/12.2.0/bin/c++]
  ignore line: [Target: x86_64-pc-linux-gnu]
  ignore line: [Configured with: ../configure --disable-multilib --enable-languages=c c++ fortran --prefix=/opt/ohpc/pub/compiler/gcc/12.2.0 --disable-static --enable-shared]
  ignore line: [Thread model: posix]
  ignore line: [Supported LTO compression algorithms: zlib]
  ignore line: [gcc version 12.2.0 (GCC) ]
  ignore line: [COLLECT_GCC_OPTIONS='-v' '-o' 'CMakeFiles/cmTC_b350a.dir/CMakeCXXCompilerABI.cpp.o' '-c' '-shared-libgcc' '-mtune=generic' '-march=x86-64' '-dumpdir' 'CMakeFiles/cmTC_b350a.dir/']
  ignore line: [ /opt/ohpc/pub/compiler/gcc/12.2.0/libexec/gcc/x86_64-pc-linux-gnu/12.2.0/cc1plus -quiet -v -D_GNU_SOURCE /opt/ohpc/pub/utils/cmake/3.25.2/share/cmake-3.25/Modules/CMakeCXXCompilerABI.cpp -quiet -dumpdir CMakeFiles/cmTC_b350a.dir/ -dumpbase CMakeCXXCompilerABI.cpp.cpp -dumpbase-ext .cpp -mtune=generic -march=x86-64 -version -o /tmp/ccdXdxyL.s]
  ignore line: [GNU C++17 (GCC) version 12.2.0 (x86_64-pc-linux-gnu)]
  ignore line: [	compiled by GNU C version 12.2.0  GMP version 6.2.1  MPFR version 4.2.0  MPC version 1.3.1  isl version none]
  ignore line: [GGC heuristics: --param ggc-min-expand=100 --param ggc-min-heapsize=131072]
  ignore line: [ignoring nonexistent directory "/opt/ohpc/pub/compiler/gcc/12.2.0/lib/gcc/x86_64-pc-linux-gnu/12.2.0/../../../../x86_64-pc-linux-gnu/include"]
  ignore line: [#include "..." search starts here:]
  ignore line: [#include <...> search starts here:]
  ignore line: [ /opt/ohpc/pub/compiler/gcc/12.2.0/lib/gcc/x86_64-pc-linux-gnu/12.2.0/../../../../include/c++/12.2.0]
  ignore line: [ /opt/ohpc/pub/compiler/gcc/12.2.0/lib/gcc/x86_64-pc-linux-gnu/12.2.0/../../../../include/c++/12.2.0/x86_64-pc-linux-gnu]
  ignore line: [ /opt/ohpc/pub/compiler/gcc/12.2.0/lib/gcc/x86_64-pc-linux-gnu/12.2.0/../../../../include/c++/12.2.0/backward]
  ignore line: [ /opt/ohpc/pub/compiler/gcc/12.2.0/lib/gcc/x86_64-pc-linux-gnu/12.2.0/include]
  ignore line: [ /usr/local/include]
  ignore line: [ /opt/ohpc/pub/compiler/gcc/12.2.0/include]
  ignore line: [ /opt/ohpc/pub/compiler/gcc/12.2.0/lib/gcc/x86_64-pc-linux-gnu/12.2.0/include-fixed]
  ignore line: [ /usr/include]
  ignore line: [End of search list.]
  ignore line: [GNU C++17 (GCC) version 12.2.0 (x86_64-pc-linux-gnu)]
  ignore line: [	compiled by GNU C version 12.2.0  GMP version 6.2.1  MPFR version 4.2.0  MPC version 1.3.1  isl version none]
  ignore line: [GGC heuristics: --param ggc-min-expand=100 --param ggc-min-heapsize=131072]
  ignore line: [Compiler executable checksum: e3cb6483ef7c0434b74356ec743bc23c]
  ignore line: [COLLECT_GCC_OPTIONS='-v' '-o' 'CMakeFiles/cmTC_b350a.dir/CMakeCXXCompilerABI.cpp.o' '-c' '-shared-libgcc' '-mtune=generic' '-march=x86-64' '-dumpdir' 'CMakeFiles/cmTC_b350a.dir/']
  ignore line: [ as -v --64 -o CMakeFiles/cmTC_b350a.dir/CMakeCXXCompilerABI.cpp.o /tmp/ccdXdxyL.s]
  ignore line: [GNU assembler version 2.35.2 (x86_64-redhat-linux) using BFD version version 2.35.2-24.el9]
  ignore line: [COMPILER_PATH=/opt/ohpc/pub/compiler/gcc/12.2.0/libexec/gcc/x86_64-pc-linux-gnu/12.2.0/:/opt/ohpc/pub/compiler/gcc/12.2.0/libexec/gcc/x86_64-pc-linux-gnu/12.2.0/:/opt/ohpc/pub/compiler/gcc/12.2.0/libexec/gcc/x86_64-pc-linux-gnu/:/opt/ohpc/pub/compiler/gcc/12.2.0/lib/gcc/x86_64-pc-linux-gnu/12.2.0/:/opt/ohpc/pub/compiler/gcc/12.2.0/lib/gcc/x86_64-pc-linux-gnu/]
  ignore line: [LIBRARY_PATH=/opt/ohpc/pub/compiler/gcc/12.2.0/lib/gcc/x86_64-pc-linux-gnu/12.2.0/:/opt/ohpc/pub/compiler/gcc/12.2.0/lib/gcc/x86_64-pc-linux-gnu/12.2.0/../../../../lib64/:/lib/../lib64/:/usr/lib/../lib64/:/opt/ohpc/pub/compiler/gcc/12.2.0/lib/gcc/x86_64-pc-linux-gnu/12.2.0/../../../:/lib/:/usr/lib/]
  ignore line: [COLLECT_GCC_OPTIONS='-v' '-o' 'CMakeFiles/cmTC_b350a.dir/CMakeCXXCompilerABI.cpp.o' '-c' '-shared-libgcc' '-mtune=generic' '-march=x86-64' '-dumpdir' 'CMakeFiles/cmTC_b350a.dir/CMakeCXXCompilerABI.cpp.']
  ignore line: [Linking CXX executable cmTC_b350a]
  ignore line: [/opt/ohpc/pub/utils/cmake/3.25.2/bin/cmake -E cmake_link_script CMakeFiles/cmTC_b350a.dir/link.txt --verbose=1]
  ignore line: [/opt/ohpc/pub/compiler/gcc/12.2.0/bin/c++  -v -rdynamic CMakeFiles/cmTC_b350a.dir/CMakeCXXCompilerABI.cpp.o -o cmTC_b350a ]
  ignore line: [Using built-in specs.]
  ignore line: [COLLECT_GCC=/opt/ohpc/pub/compiler/gcc/12.2.0/bin/c++]
  ignore line: [COLLECT_LTO_WRAPPER=/opt/ohpc/pub/compiler/gcc/12.2.0/libexec/gcc/x86_64-pc-linux-gnu/12.2.0/lto-wrapper]
  ignore line: [Target: x86_64-pc-linux-gnu]
  ignore line: [Configured with: ../configure --disable-multilib --enable-languages=c c++ fortran --prefix=/opt/ohpc/pub/compiler/gcc/12.2.0 --disable-static --enable-shared]
  ignore line: [Thread model: posix]
  ignore line: [Supported LTO compression algorithms: zlib]
  ignore line: [gcc version 12.2.0 (GCC) ]
  ignore line: [COMPILER_PATH=/opt/ohpc/pub/compiler/gcc/12.2.0/libexec/gcc/x86_64-pc-linux-gnu/12.2.0/:/opt/ohpc/pub/compiler/gcc/12.2.0/libexec/gcc/x86_64-pc-linux-gnu/12.2.0/:/opt/ohpc/pub/compiler/gcc/12.2.0/libexec/gcc/x86_64-pc-linux-gnu/:/opt/ohpc/pub/compiler/gcc/12.2.0/lib/gcc/x86_64-pc-linux-gnu/12.2.0/:/opt/ohpc/pub/compiler/gcc/12.2.0/lib/gcc/x86_64-pc-linux-gnu/]
  ignore line: [LIBRARY_PATH=/opt/ohpc/pub/compiler/gcc/12.2.0/lib/gcc/x86_64-pc-linux-gnu/12.2.0/:/opt/ohpc/pub/compiler/gcc/12.2.0/lib/gcc/x86_64-pc-linux-gnu/12.2.0/../../../../lib64/:/lib/../lib64/:/usr/lib/../lib64/:/opt/ohpc/pub/compiler/gcc/12.2.0/lib/gcc/x86_64-pc-linux-gnu/12.2.0/../../../:/lib/:/usr/lib/]
  ignore line: [COLLECT_GCC_OPTIONS='-v' '-rdynamic' '-o' 'cmTC_b350a' '-shared-libgcc' '-mtune=generic' '-march=x86-64' '-dumpdir' 'cmTC_b350a.']
  link line: [ /opt/ohpc/pub/compiler/gcc/12.2.0/libexec/gcc/x86_64-pc-linux-gnu/12.2.0/collect2 -plugin /opt/ohpc/pub/compiler/gcc/12.2.0/libexec/gcc/x86_64-pc-linux-gnu/12.2.0/liblto_plugin.so -plugin-opt=/opt/ohpc/pub/compiler/gcc/12.2.0/libexec/gcc/x86_64-pc-linux-gnu/12.2.0/lto-wrapper -plugin-opt=-fresolution=/tmp/ccLWdkdx.res -plugin-opt=-pass-through=-lgcc_s -plugin-opt=-pass-through=-lgcc -plugin-opt=-pass-through=-lc -plugin-opt=-pass-through=-lgcc_s -plugin-opt=-pass-through=-lgcc --eh-frame-hdr -m elf_x86_64 -export-dynamic -dynamic-linker /lib64/ld-linux-x86-64.so.2 -o cmTC_b350a /lib/../lib64/crt1.o /lib/../lib64/crti.o /opt/ohpc/pub/compiler/gcc/12.2.0/lib/gcc/x86_64-pc-linux-gnu/12.2.0/crtbegin.o -L/opt/ohpc/pub/compiler/gcc/12.2.0/lib/gcc/x86_64-pc-linux-gnu/12.2.0 -L/opt/ohpc/pub/compiler/gcc/12.2.0/lib/gcc/x86_64-pc-linux-gnu/12.2.0/../../../../lib64 -L/lib/../lib64 -L/usr/lib/../lib64 -L/opt/ohpc/pub/compiler/gcc/12.2.0/lib/gcc/x86_64-pc-linux-gnu/12.2.0/../../.. CMakeFiles/cmTC_b350a.dir/CMakeCXXCompilerABI.cpp.o -lstdc++ -lm -lgcc_s -lgcc -lc -lgcc_s -lgcc /opt/ohpc/pub/compiler/gcc/12.2.0/lib/gcc/x86_64-pc-linux-gnu/12.2.0/crtend.o /lib/../lib64/crtn.o]
    arg [/opt/ohpc/pub/compiler/gcc/12.2.0/libexec/gcc/x86_64-pc-linux-gnu/12.2.0/collect2] ==> ignore
    arg [-plugin] ==> ignore
    arg [/opt/ohpc/pub/compiler/gcc/12.2.0/libexec/gcc/x86_64-pc-linux-gnu/12.2.0/liblto_plugin.so] ==> ignore
    arg [-plugin-opt=/opt/ohpc/pub/compiler/gcc/12.2.0/libexec/gcc/x86_64-pc-linux-gnu/12.2.0/lto-wrapper] ==> ignore
    arg [-plugin-opt=-fresolution=/tmp/ccLWdkdx.res] ==> ignore
    arg [-plugin-opt=-pass-through=-lgcc_s] ==> ignore
    arg [-plugin-opt=-pass-through=-lgcc] ==> ignore
    arg [-plugin-opt=-pass-through=-lc] ==> ignore
    arg [-plugin-opt=-pass-through=-lgcc_s] ==> ignore
    arg [-plugin-opt=-pass-through=-lgcc] ==> ignore
    arg [--eh-frame-hdr] ==> ignore
    arg [-m] ==> ignore
    arg [elf_x86_64] ==> ignore
    arg [-export-dynamic] ==> ignore
    arg [-dynamic-linker] ==> ignore
    arg [/lib64/ld-linux-x86-64.so.2] ==> ignore
    arg [-o] ==> ignore
    arg [cmTC_b350a] ==> ignore
    arg [/lib/../lib64/crt1.o] ==> obj [/lib/../lib64/crt1.o]
    arg [/lib/../lib64/crti.o] ==> obj [/lib/../lib64/crti.o]
    arg [/opt/ohpc/pub/compiler/gcc/12.2.0/lib/gcc/x86_64-pc-linux-gnu/12.2.0/crtbegin.o] ==> obj [/opt/ohpc/pub/compiler/gcc/12.2.0/lib/gcc/x86_64-pc-linux-gnu/12.2.0/crtbegin.o]
    arg [-L/opt/ohpc/pub/compiler/gcc/12.2.0/lib/gcc/x86_64-pc-linux-gnu/12.2.0] ==> dir [/opt/ohpc/pub/compiler/gcc/12.2.0/lib/gcc/x86_64-pc-linux-gnu/12.2.0]
    arg [-L/opt/ohpc/pub/compiler/gcc/12.2.0/lib/gcc/x86_64-pc-linux-gnu/12.2.0/../../../../lib64] ==> dir [/opt/ohpc/pub/compiler/gcc/12.2.0/lib/gcc/x86_64-pc-linux-gnu/12.2.0/../../../../lib64]
    arg [-L/lib/../lib64] ==> dir [/lib/../lib64]
    arg [-L/usr/lib/../lib64] ==> dir [/usr/lib/../lib64]
    arg [-L/opt/ohpc/pub/compiler/gcc/12.2.0/lib/gcc/x86_64-pc-linux-gnu/12.2.0/../../..] ==> dir [/opt/ohpc/pub/compiler/gcc/12.2.0/lib/gcc/x86_64-pc-linux-gnu/12.2.0/../../..]
    arg [CMakeFiles/cmTC_b350a.dir/CMakeCXXCompilerABI.cpp.o] ==> ignore
    arg [-lstdc++] ==> lib [stdc++]
    arg [-lm] ==> lib [m]
    arg [-lgcc_s] ==> lib [gcc_s]
    arg [-lgcc] ==> lib [gcc]
    arg [-lc] ==> lib [c]
    arg [-lgcc_s] ==> lib [gcc_s]
    arg [-lgcc] ==> lib [gcc]
    arg [/opt/ohpc/pub/compiler/gcc/12.2.0/lib/gcc/x86_64-pc-linux-gnu/12.2.0/crtend.o] ==> obj [/opt/ohpc/pub/compiler/gcc/12.2.0/lib/gcc/x86_64-pc-linux-gnu/12.2.0/crtend.o]
    arg [/lib/../lib64/crtn.o] ==> obj [/lib/../lib64/crtn.o]
  collapse obj [/lib/../lib64/crt1.o] ==> [/lib64/crt1.o]
  collapse obj [/lib/../lib64/crti.o] ==> [/lib64/crti.o]
  collapse obj [/lib/../lib64/crtn.o] ==> [/lib64/crtn.o]
  collapse library dir [/opt/ohpc/pub/compiler/gcc/12.2.0/lib/gcc/x86_64-pc-linux-gnu/12.2.0] ==> [/opt/ohpc/pub/compiler/gcc/12.2.0/lib/gcc/x86_64-pc-linux-gnu/12.2.0]
  collapse library dir [/opt/ohpc/pub/compiler/gcc/12.2.0/lib/gcc/x86_64-pc-linux-gnu/12.2.0/../../../../lib64] ==> [/opt/ohpc/pub/compiler/gcc/12.2.0/lib64]
  collapse library dir [/lib/../lib64] ==> [/lib64]
  collapse library dir [/usr/lib/../lib64] ==> [/usr/lib64]
  collapse library dir [/opt/ohpc/pub/compiler/gcc/12.2.0/lib/gcc/x86_64-pc-linux-gnu/12.2.0/../../..] ==> [/opt/ohpc/pub/compiler/gcc/12.2.0/lib]
  implicit libs: [stdc++;m;gcc_s;gcc;c;gcc_s;gcc]
  implicit objs: [/lib64/crt1.o;/lib64/crti.o;/opt/ohpc/pub/compiler/gcc/12.2.0/lib/gcc/x86_64-pc-linux-gnu/12.2.0/crtbegin.o;/opt/ohpc/pub/compiler/gcc/12.2.0/lib/gcc/x86_64-pc-linux-gnu/12.2.0/crtend.o;/lib64/crtn.o]
  implicit dirs: [/opt/ohpc/pub/compiler/gcc/12.2.0/lib/gcc/x86_64-pc-linux-gnu/12.2.0;/opt/ohpc/pub/compiler/gcc/12.2.0/lib64;/lib64;/usr/lib64;/opt/ohpc/pub/compiler/gcc/12.2.0/lib]
  implicit fwks: []


Performing C++ SOURCE FILE Test COMPILER_SUPPORTS_CXX11 succeeded with the following output:
Change Dir: /work1/sadasivan/student29/gpu-final-project/libwb/build/CMakeFiles/CMakeScratch/TryCompile-0z8jGy

Run Build Command(s):/usr/bin/gmake -f Makefile cmTC_55308/fast && /usr/bin/gmake  -f CMakeFiles/cmTC_55308.dir/build.make CMakeFiles/cmTC_55308.dir/build
gmake[1]: Entering directory '/work1/sadasivan/student29/gpu-final-project/libwb/build/CMakeFiles/CMakeScratch/TryCompile-0z8jGy'
Building CXX object CMakeFiles/cmTC_55308.dir/src.cxx.o
/opt/ohpc/pub/compiler/gcc/12.2.0/bin/c++ -DCOMPILER_SUPPORTS_CXX11  -std=c++11 -o CMakeFiles/cmTC_55308.dir/src.cxx.o -c /work1/sadasivan/student29/gpu-final-project/libwb/build/CMakeFiles/CMakeScratch/TryCompile-0z8jGy/src.cxx
Linking CXX executable cmTC_55308
/opt/ohpc/pub/utils/cmake/3.25.2/bin/cmake -E cmake_link_script CMakeFiles/cmTC_55308.dir/link.txt --verbose=1
/opt/ohpc/pub/compiler/gcc/12.2.0/bin/c++ -rdynamic CMakeFiles/cmTC_55308.dir/src.cxx.o -o cmTC_55308 
gmake[1]: Leaving directory '/work1/sadasivan/student29/gpu-final-project/libwb/build/CMakeFiles/CMakeScratch/TryCompile-0z8jGy'


Source file was:
int main() { return 0; }

